setting 'ivy.default.settings.dir' to 'jar:file:/home/bwmcadams/bin/sbt-launcher.jar!/org/apache/ivy/core/settings'
setting 'ivy.basedir' to '/home/bwmcadams/code/mongo-scala-wrappers/.'
setting 'ivy.default.conf.dir' to 'jar:file:/home/bwmcadams/bin/sbt-launcher.jar!/org/apache/ivy/core/settings'
impossible to define new type: class not found: org.apache.ivy.plugins.trigger.LogTrigger in [] nor Ivy classloader
impossible to define new type: class not found: org.apache.ivy.plugins.resolver.VsftpResolver in [] nor Ivy classloader
impossible to define new type: class not found: org.apache.ivy.plugins.conflict.RegexpConflictManager in [] nor Ivy classloader
impossible to define new type: class not found: org.apache.ivy.plugins.resolver.SshResolver in [] nor Ivy classloader
impossible to define new type: class not found: org.apache.ivy.plugins.resolver.VfsResolver in [] nor Ivy classloader
impossible to define new type: class not found: org.apache.ivy.plugins.resolver.SFTPResolver in [] nor Ivy classloader
impossible to define new type: class not found: org.apache.ivy.plugins.resolver.packager.PackagerResolver in [] nor Ivy classloader
impossible to define new type: class not found: org.apache.ivy.ant.AntCallTrigger in [] nor Ivy classloader
impossible to define new type: class not found: org.apache.ivy.plugins.resolver.IvyRepResolver in [] nor Ivy classloader
impossible to define new type: class not found: org.apache.ivy.ant.AntBuildTrigger in [] nor Ivy classloader
impossible to define glob matcher: org.apache.ivy.plugins.matcher.GlobPatternMatcher was not found.
setting 'java.runtime.name' to 'Java(TM) SE Runtime Environment'
setting 'sun.boot.library.path' to '/usr/lib/jvm/java-6-sun-1.6.0.15/jre/lib/amd64'
setting 'java.vm.version' to '14.1-b02'
setting 'java.vm.vendor' to 'Sun Microsystems Inc.'
setting 'java.vendor.url' to 'http://java.sun.com/'
setting 'path.separator' to ':'
setting 'java.vm.name' to 'Java HotSpot(TM) 64-Bit Server VM'
setting 'file.encoding.pkg' to 'sun.io'
setting 'sun.java.launcher' to 'SUN_STANDARD'
setting 'user.country' to 'US'
setting 'sun.os.patch.level' to 'unknown'
setting 'java.vm.specification.name' to 'Java Virtual Machine Specification'
setting 'user.dir' to '/home/bwmcadams/code/mongo-scala-wrappers'
setting 'java.runtime.version' to '1.6.0_15-b03'
setting 'java.awt.graphicsenv' to 'sun.awt.X11GraphicsEnvironment'
setting 'java.endorsed.dirs' to '/usr/lib/jvm/java-6-sun-1.6.0.15/jre/lib/endorsed'
setting 'os.arch' to 'amd64'
setting 'java.io.tmpdir' to '/tmp'
setting 'line.separator' to '
'
setting 'java.vm.specification.vendor' to 'Sun Microsystems Inc.'
setting 'os.name' to 'Linux'
setting 'sun.jnu.encoding' to 'UTF-8'
setting 'java.library.path' to '/usr/lib/jvm/java-6-sun-1.6.0.15/jre/lib/amd64/server:/usr/lib/jvm/java-6-sun-1.6.0.15/jre/lib/amd64:/usr/lib/jvm/java-6-sun-1.6.0.15/jre/../lib/amd64:/usr/java/packages/lib/amd64:/lib:/usr/lib'
setting 'sbt.boot' to 'true'
setting 'java.specification.name' to 'Java Platform API Specification'
setting 'java.class.version' to '50.0'
setting 'sun.management.compiler' to 'HotSpot 64-Bit Server Compiler'
setting 'os.version' to '2.6.31-20-generic'
setting 'user.home' to '/home/bwmcadams'
setting 'user.timezone' to 'US/Eastern'
setting 'scala.home' to '/home/bwmcadams/code/mongo-scala-wrappers/project/boot/scala-2.7.7'
setting 'java.awt.printerjob' to 'sun.print.PSPrinterJob'
setting 'file.encoding' to 'UTF-8'
setting 'java.specification.version' to '1.6'
setting 'java.class.path' to '/home/bwmcadams/bin/sbt-launcher.jar'
setting 'user.name' to 'bwmcadams'
setting 'java.vm.specification.version' to '1.0'
setting 'java.home' to '/usr/lib/jvm/java-6-sun-1.6.0.15/jre'
setting 'sun.arch.data.model' to '64'
setting 'user.language' to 'en'
setting 'java.specification.vendor' to 'Sun Microsystems Inc.'
setting 'java.vm.info' to 'mixed mode'
setting 'java.version' to '1.6.0_15'
setting 'java.ext.dirs' to '/usr/lib/jvm/java-6-sun-1.6.0.15/jre/lib/ext:/usr/java/packages/lib/ext'
setting 'sun.boot.class.path' to '/usr/lib/jvm/java-6-sun-1.6.0.15/jre/lib/resources.jar:/usr/lib/jvm/java-6-sun-1.6.0.15/jre/lib/rt.jar:/usr/lib/jvm/java-6-sun-1.6.0.15/jre/lib/sunrsasign.jar:/usr/lib/jvm/java-6-sun-1.6.0.15/jre/lib/jsse.jar:/usr/lib/jvm/java-6-sun-1.6.0.15/jre/lib/jce.jar:/usr/lib/jvm/java-6-sun-1.6.0.15/jre/lib/charsets.jar:/usr/lib/jvm/java-6-sun-1.6.0.15/jre/classes'
setting 'java.vendor' to 'Sun Microsystems Inc.'
setting 'file.separator' to '/'
setting 'java.vendor.url.bug' to 'http://java.sun.com/cgi-bin/bugreport.cgi'
setting 'sun.io.unicode.encoding' to 'UnicodeLittle'
setting 'sun.cpu.endian' to 'little'
setting 'sun.desktop' to 'gnome'
setting 'sun.cpu.isalist' to ''
setting 'ivy.default.ivy.user.dir' to '/home/bwmcadams/.ivy2'
setting 'ivy.home' to '/home/bwmcadams/.ivy2'
no default ivy user dir defined: set to /home/bwmcadams/.ivy2
setting 'ivy.cache.dir' to '/home/bwmcadams/.ivy2/cache'
no default cache defined: set to /home/bwmcadams/.ivy2/cache
setting 'ivy.basedir' to '/home/bwmcadams/code/mongo-scala-wrappers/project/boot/scala-2.7.7'
setting 'basedir' to '/home/bwmcadams/code/mongo-scala-wrappers/project/boot/scala-2.7.7'
:: resolving dependencies :: sbt#boot;1.0
	confs: [default]
	validate = true
	refresh = false
resolving dependencies for configuration 'default'
== resolving dependencies for sbt#boot;1.0 [default]
loadData of sbt#boot;1.0 of rootConf=default
== resolving dependencies sbt#boot;1.0->sbt#simple-build-tool;0.7.1 [default->2.7.7]
loadData of sbt#simple-build-tool;0.7.1 of rootConf=default
	using redefined-public to resolve sbt#simple-build-tool;0.7.1
redefined-public: Checking cache for: dependency: sbt#simple-build-tool;0.7.1 {default=[2.7.7]}
redefined-public: no namespace defined: using system
	no ivy file in cache for sbt#simple-build-tool;0.7.1: tried /home/bwmcadams/.ivy2/cache/sbt/simple-build-tool/ivy-0.7.1.xml
redefined-public: no latest strategy defined: using default
local: no namespace defined: using system
	no ivy file in cache for sbt#simple-build-tool;0.7.1: tried /home/bwmcadams/.ivy2/cache/sbt/simple-build-tool/ivy-0.7.1.xml
	 trying /home/bwmcadams/.ivy2/local/sbt/simple-build-tool/0.7.1/ivys/ivy.xml
		tried /home/bwmcadams/.ivy2/local/sbt/simple-build-tool/0.7.1/ivys/ivy.xml
	local: resource not reachable for sbt#simple-build-tool;0.7.1: res=/home/bwmcadams/.ivy2/local/sbt/simple-build-tool/0.7.1/ivys/ivy.xml
	 trying /home/bwmcadams/.ivy2/local/sbt/simple-build-tool/0.7.1/jars/simple-build-tool.jar
		tried /home/bwmcadams/.ivy2/local/sbt/simple-build-tool/0.7.1/jars/simple-build-tool.jar
	local: resource not reachable for sbt#simple-build-tool;0.7.1: res=/home/bwmcadams/.ivy2/local/sbt/simple-build-tool/0.7.1/jars/simple-build-tool.jar
	local: no ivy file nor artifact found for sbt#simple-build-tool;0.7.1
Maven2 Local: no namespace defined: using system
	no ivy file in cache for sbt#simple-build-tool;0.7.1: tried /home/bwmcadams/.ivy2/cache/sbt/simple-build-tool/ivy-0.7.1.xml
	 trying file:///home/bwmcadams/.m2/repository/sbt/simple-build-tool/0.7.1/simple-build-tool-0.7.1.pom
		tried file:///home/bwmcadams/.m2/repository/sbt/simple-build-tool/0.7.1/simple-build-tool-0.7.1.pom
installing class org.apache.ivy.util.url.IvyAuthenticator
	Maven2 Local: resource not reachable for sbt#simple-build-tool;0.7.1: res=file:/home/bwmcadams/.m2/repository/sbt/simple-build-tool/0.7.1/simple-build-tool-0.7.1.pom
	 trying file:///home/bwmcadams/.m2/repository/sbt/simple-build-tool/0.7.1/simple-build-tool-0.7.1.jar
		tried file:///home/bwmcadams/.m2/repository/sbt/simple-build-tool/0.7.1/simple-build-tool-0.7.1.jar
	Maven2 Local: resource not reachable for sbt#simple-build-tool;0.7.1: res=file:/home/bwmcadams/.m2/repository/sbt/simple-build-tool/0.7.1/simple-build-tool-0.7.1.jar
	Maven2 Local: no ivy file nor artifact found for sbt#simple-build-tool;0.7.1
Maven Central: no namespace defined: using system
	no ivy file in cache for sbt#simple-build-tool;0.7.1: tried /home/bwmcadams/.ivy2/cache/sbt/simple-build-tool/ivy-0.7.1.xml
	 trying http://repo1.maven.org/maven2/sbt/simple-build-tool/0.7.1/simple-build-tool-0.7.1.pom
		tried http://repo1.maven.org/maven2/sbt/simple-build-tool/0.7.1/simple-build-tool-0.7.1.pom
HTTP response status: 404 url=http://repo1.maven.org/maven2/sbt/simple-build-tool/0.7.1/simple-build-tool-0.7.1.pom
CLIENT ERROR: Not Found url=http://repo1.maven.org/maven2/sbt/simple-build-tool/0.7.1/simple-build-tool-0.7.1.pom
	Maven Central: resource not reachable for sbt#simple-build-tool;0.7.1: res=http://repo1.maven.org/maven2/sbt/simple-build-tool/0.7.1/simple-build-tool-0.7.1.pom
	 trying http://repo1.maven.org/maven2/sbt/simple-build-tool/0.7.1/simple-build-tool-0.7.1.jar
		tried http://repo1.maven.org/maven2/sbt/simple-build-tool/0.7.1/simple-build-tool-0.7.1.jar
HTTP response status: 404 url=http://repo1.maven.org/maven2/sbt/simple-build-tool/0.7.1/simple-build-tool-0.7.1.jar
CLIENT ERROR: Not Found url=http://repo1.maven.org/maven2/sbt/simple-build-tool/0.7.1/simple-build-tool-0.7.1.jar
	Maven Central: resource not reachable for sbt#simple-build-tool;0.7.1: res=http://repo1.maven.org/maven2/sbt/simple-build-tool/0.7.1/simple-build-tool-0.7.1.jar
	Maven Central: no ivy file nor artifact found for sbt#simple-build-tool;0.7.1
Sbt Repository: no namespace defined: using system
	no ivy file in cache for sbt#simple-build-tool;0.7.1: tried /home/bwmcadams/.ivy2/cache/sbt/simple-build-tool/ivy-0.7.1.xml
	 trying http://simple-build-tool.googlecode.com/svn/artifacts/0.7.1/ivys/ivy.xml
		tried http://simple-build-tool.googlecode.com/svn/artifacts/0.7.1/ivys/ivy.xml
HTTP response status: 404 url=http://simple-build-tool.googlecode.com/svn/artifacts/0.7.1/ivys/ivy.xml
CLIENT ERROR: Not Found url=http://simple-build-tool.googlecode.com/svn/artifacts/0.7.1/ivys/ivy.xml
	Sbt Repository: resource not reachable for sbt#simple-build-tool;0.7.1: res=http://simple-build-tool.googlecode.com/svn/artifacts/0.7.1/ivys/ivy.xml
	 trying http://simple-build-tool.googlecode.com/svn/artifacts/0.7.1/jars/simple-build-tool.jar
		tried http://simple-build-tool.googlecode.com/svn/artifacts/0.7.1/jars/simple-build-tool.jar
HTTP response status: 404 url=http://simple-build-tool.googlecode.com/svn/artifacts/0.7.1/jars/simple-build-tool.jar
CLIENT ERROR: Not Found url=http://simple-build-tool.googlecode.com/svn/artifacts/0.7.1/jars/simple-build-tool.jar
	Sbt Repository: resource not reachable for sbt#simple-build-tool;0.7.1: res=http://simple-build-tool.googlecode.com/svn/artifacts/0.7.1/jars/simple-build-tool.jar
	Sbt Repository: no ivy file nor artifact found for sbt#simple-build-tool;0.7.1
WARN: 	module not found: sbt#simple-build-tool;0.7.1
WARN: ==== local: tried
WARN:   /home/bwmcadams/.ivy2/local/sbt/simple-build-tool/0.7.1/ivys/ivy.xml
WARN:   -- artifact sbt#simple-build-tool;0.7.1!simple-build-tool.jar:
WARN:   /home/bwmcadams/.ivy2/local/sbt/simple-build-tool/0.7.1/jars/simple-build-tool.jar
WARN: ==== Maven2 Local: tried
WARN:   file:///home/bwmcadams/.m2/repository/sbt/simple-build-tool/0.7.1/simple-build-tool-0.7.1.pom
WARN:   -- artifact sbt#simple-build-tool;0.7.1!simple-build-tool.jar:
WARN:   file:///home/bwmcadams/.m2/repository/sbt/simple-build-tool/0.7.1/simple-build-tool-0.7.1.jar
WARN: ==== Maven Central: tried
WARN:   http://repo1.maven.org/maven2/sbt/simple-build-tool/0.7.1/simple-build-tool-0.7.1.pom
WARN:   -- artifact sbt#simple-build-tool;0.7.1!simple-build-tool.jar:
WARN:   http://repo1.maven.org/maven2/sbt/simple-build-tool/0.7.1/simple-build-tool-0.7.1.jar
WARN: ==== Sbt Repository: tried
WARN:   http://simple-build-tool.googlecode.com/svn/artifacts/0.7.1/ivys/ivy.xml
WARN:   -- artifact sbt#simple-build-tool;0.7.1!simple-build-tool.jar:
WARN:   http://simple-build-tool.googlecode.com/svn/artifacts/0.7.1/jars/simple-build-tool.jar
Nbr of module to sort : 0
	resolved ivy file produced in /home/bwmcadams/.ivy2/cache/resolved-sbt-boot-1.0.xml
:: downloading artifacts ::
:: resolution report :: resolve 1448ms :: artifacts dl 1ms
WARN: 	::::::::::::::::::::::::::::::::::::::::::::::
WARN: 	::          UNRESOLVED DEPENDENCIES         ::
WARN: 	::::::::::::::::::::::::::::::::::::::::::::::
WARN: 	:: sbt#simple-build-tool;0.7.1: not found
WARN: 	::::::::::::::::::::::::::::::::::::::::::::::

Nbr of module to sort : 0
	report for sbt#boot;1.0 default produced in /home/bwmcadams/.ivy2/cache/sbt-boot-default.xml
	resolve done (1448ms resolve - 1ms download)

:: problems summary ::
:::: WARNINGS
		module not found: sbt#simple-build-tool;0.7.1

	==== local: tried

	  /home/bwmcadams/.ivy2/local/sbt/simple-build-tool/0.7.1/ivys/ivy.xml

	  -- artifact sbt#simple-build-tool;0.7.1!simple-build-tool.jar:

	  /home/bwmcadams/.ivy2/local/sbt/simple-build-tool/0.7.1/jars/simple-build-tool.jar

	==== Maven2 Local: tried

	  file:///home/bwmcadams/.m2/repository/sbt/simple-build-tool/0.7.1/simple-build-tool-0.7.1.pom

	  -- artifact sbt#simple-build-tool;0.7.1!simple-build-tool.jar:

	  file:///home/bwmcadams/.m2/repository/sbt/simple-build-tool/0.7.1/simple-build-tool-0.7.1.jar

	==== Maven Central: tried

	  http://repo1.maven.org/maven2/sbt/simple-build-tool/0.7.1/simple-build-tool-0.7.1.pom

	  -- artifact sbt#simple-build-tool;0.7.1!simple-build-tool.jar:

	  http://repo1.maven.org/maven2/sbt/simple-build-tool/0.7.1/simple-build-tool-0.7.1.jar

	==== Sbt Repository: tried

	  http://simple-build-tool.googlecode.com/svn/artifacts/0.7.1/ivys/ivy.xml

	  -- artifact sbt#simple-build-tool;0.7.1!simple-build-tool.jar:

	  http://simple-build-tool.googlecode.com/svn/artifacts/0.7.1/jars/simple-build-tool.jar

		::::::::::::::::::::::::::::::::::::::::::::::

		::          UNRESOLVED DEPENDENCIES         ::

		::::::::::::::::::::::::::::::::::::::::::::::

		:: sbt#simple-build-tool;0.7.1: not found

		::::::::::::::::::::::::::::::::::::::::::::::



:: USE VERBOSE OR DEBUG MESSAGE LEVEL FOR MORE DETAILS
java.lang.RuntimeException: not found
	at org.apache.ivy.core.resolve.IvyNode.loadData(IvyNode.java:236)
	at org.apache.ivy.core.resolve.VisitNode.loadData(VisitNode.java:271)
	at org.apache.ivy.core.resolve.ResolveEngine.fetchDependencies(ResolveEngine.java:671)
	at org.apache.ivy.core.resolve.ResolveEngine.doFetchDependencies(ResolveEngine.java:757)
	at org.apache.ivy.core.resolve.ResolveEngine.fetchDependencies(ResolveEngine.java:679)
	at org.apache.ivy.core.resolve.ResolveEngine.getDependencies(ResolveEngine.java:551)
	at org.apache.ivy.core.resolve.ResolveEngine.resolve(ResolveEngine.java:235)
	at sbt.boot.Update.resolve(Update.scala:136)
	at sbt.boot.Update.update(Update.scala:118)
	at sbt.boot.Update.update(Update.scala:90)
	at sbt.boot.Update.sbt$boot$Update$$update(Update.scala:71)
	at sbt.boot.Update$$anonfun$sbt$boot$Update$$update$1.apply(Update.scala:55)
	at sbt.boot.Update$$anonfun$sbt$boot$Update$$update$1.apply(Update.scala:55)
	at scala.List.foreach(List.scala:834)
	at sbt.boot.Update.sbt$boot$Update$$update(Update.scala:55)
	at sbt.boot.Update$.apply(Update.scala:37)
	at sbt.boot.Setup.getLoader(Boot.scala:248)
	at sbt.boot.Setup.loader(Boot.scala:216)
	at sbt.boot.Setup.loader(Boot.scala:202)
	at sbt.boot.Boot$.load(Boot.scala:80)
	at sbt.boot.Boot$.doLoad$1(Boot.scala:61)
	at sbt.boot.Boot$.runBatch(Boot.scala:64)
	at sbt.boot.Boot$.boot(Boot.scala:57)
	at sbt.boot.Boot$.main(Boot.scala:33)
	at sbt.boot.Boot.main(Boot.scala)
setting 'ivy.basedir' to '/home/bwmcadams/code/mongo-scala-wrappers/project/boot/scala-2.7.7'
'basedir' already set: discarding '/home/bwmcadams/code/mongo-scala-wrappers/project/boot/scala-2.7.7'
:: resolving dependencies :: sbt#boot;1.0
	confs: [default]
	validate = true
	refresh = false
resolving dependencies for configuration 'default'
== resolving dependencies for sbt#boot;1.0 [default]
loadData of sbt#boot;1.0 of rootConf=default
== resolving dependencies sbt#boot;1.0->sbt#simple-build-tool;0.7.1 [default->2.7.7]
loadData of sbt#simple-build-tool;0.7.1 of rootConf=default
	using redefined-public to resolve sbt#simple-build-tool;0.7.1
redefined-public: Checking cache for: dependency: sbt#simple-build-tool;0.7.1 {default=[2.7.7]}
redefined-public: no namespace defined: using system
	no ivy file in cache for sbt#simple-build-tool;0.7.1: tried /home/bwmcadams/.ivy2/cache/sbt/simple-build-tool/ivy-0.7.1.xml
redefined-public: no latest strategy defined: using default
local: no namespace defined: using system
	no ivy file in cache for sbt#simple-build-tool;0.7.1: tried /home/bwmcadams/.ivy2/cache/sbt/simple-build-tool/ivy-0.7.1.xml
	 trying /home/bwmcadams/.ivy2/local/sbt/simple-build-tool/0.7.1/ivys/ivy.xml
		tried /home/bwmcadams/.ivy2/local/sbt/simple-build-tool/0.7.1/ivys/ivy.xml
	local: resource not reachable for sbt#simple-build-tool;0.7.1: res=/home/bwmcadams/.ivy2/local/sbt/simple-build-tool/0.7.1/ivys/ivy.xml
	 trying /home/bwmcadams/.ivy2/local/sbt/simple-build-tool/0.7.1/jars/simple-build-tool.jar
		tried /home/bwmcadams/.ivy2/local/sbt/simple-build-tool/0.7.1/jars/simple-build-tool.jar
	local: resource not reachable for sbt#simple-build-tool;0.7.1: res=/home/bwmcadams/.ivy2/local/sbt/simple-build-tool/0.7.1/jars/simple-build-tool.jar
	local: no ivy file nor artifact found for sbt#simple-build-tool;0.7.1
Maven2 Local: no namespace defined: using system
	no ivy file in cache for sbt#simple-build-tool;0.7.1: tried /home/bwmcadams/.ivy2/cache/sbt/simple-build-tool/ivy-0.7.1.xml
	 trying file:///home/bwmcadams/.m2/repository/sbt/simple-build-tool/0.7.1/simple-build-tool-0.7.1.pom
		tried file:///home/bwmcadams/.m2/repository/sbt/simple-build-tool/0.7.1/simple-build-tool-0.7.1.pom
	Maven2 Local: resource not reachable for sbt#simple-build-tool;0.7.1: res=file:/home/bwmcadams/.m2/repository/sbt/simple-build-tool/0.7.1/simple-build-tool-0.7.1.pom
	 trying file:///home/bwmcadams/.m2/repository/sbt/simple-build-tool/0.7.1/simple-build-tool-0.7.1.jar
		tried file:///home/bwmcadams/.m2/repository/sbt/simple-build-tool/0.7.1/simple-build-tool-0.7.1.jar
	Maven2 Local: resource not reachable for sbt#simple-build-tool;0.7.1: res=file:/home/bwmcadams/.m2/repository/sbt/simple-build-tool/0.7.1/simple-build-tool-0.7.1.jar
	Maven2 Local: no ivy file nor artifact found for sbt#simple-build-tool;0.7.1
Maven Central: no namespace defined: using system
	no ivy file in cache for sbt#simple-build-tool;0.7.1: tried /home/bwmcadams/.ivy2/cache/sbt/simple-build-tool/ivy-0.7.1.xml
	 trying http://repo1.maven.org/maven2/sbt/simple-build-tool/0.7.1/simple-build-tool-0.7.1.pom
		tried http://repo1.maven.org/maven2/sbt/simple-build-tool/0.7.1/simple-build-tool-0.7.1.pom
HTTP response status: 404 url=http://repo1.maven.org/maven2/sbt/simple-build-tool/0.7.1/simple-build-tool-0.7.1.pom
CLIENT ERROR: Not Found url=http://repo1.maven.org/maven2/sbt/simple-build-tool/0.7.1/simple-build-tool-0.7.1.pom
	Maven Central: resource not reachable for sbt#simple-build-tool;0.7.1: res=http://repo1.maven.org/maven2/sbt/simple-build-tool/0.7.1/simple-build-tool-0.7.1.pom
	 trying http://repo1.maven.org/maven2/sbt/simple-build-tool/0.7.1/simple-build-tool-0.7.1.jar
		tried http://repo1.maven.org/maven2/sbt/simple-build-tool/0.7.1/simple-build-tool-0.7.1.jar
HTTP response status: 404 url=http://repo1.maven.org/maven2/sbt/simple-build-tool/0.7.1/simple-build-tool-0.7.1.jar
CLIENT ERROR: Not Found url=http://repo1.maven.org/maven2/sbt/simple-build-tool/0.7.1/simple-build-tool-0.7.1.jar
	Maven Central: resource not reachable for sbt#simple-build-tool;0.7.1: res=http://repo1.maven.org/maven2/sbt/simple-build-tool/0.7.1/simple-build-tool-0.7.1.jar
	Maven Central: no ivy file nor artifact found for sbt#simple-build-tool;0.7.1
Sbt Repository: no namespace defined: using system
	no ivy file in cache for sbt#simple-build-tool;0.7.1: tried /home/bwmcadams/.ivy2/cache/sbt/simple-build-tool/ivy-0.7.1.xml
	 trying http://simple-build-tool.googlecode.com/svn/artifacts/0.7.1/ivys/ivy.xml
		tried http://simple-build-tool.googlecode.com/svn/artifacts/0.7.1/ivys/ivy.xml
HTTP response status: 404 url=http://simple-build-tool.googlecode.com/svn/artifacts/0.7.1/ivys/ivy.xml
CLIENT ERROR: Not Found url=http://simple-build-tool.googlecode.com/svn/artifacts/0.7.1/ivys/ivy.xml
	Sbt Repository: resource not reachable for sbt#simple-build-tool;0.7.1: res=http://simple-build-tool.googlecode.com/svn/artifacts/0.7.1/ivys/ivy.xml
	 trying http://simple-build-tool.googlecode.com/svn/artifacts/0.7.1/jars/simple-build-tool.jar
		tried http://simple-build-tool.googlecode.com/svn/artifacts/0.7.1/jars/simple-build-tool.jar
HTTP response status: 404 url=http://simple-build-tool.googlecode.com/svn/artifacts/0.7.1/jars/simple-build-tool.jar
CLIENT ERROR: Not Found url=http://simple-build-tool.googlecode.com/svn/artifacts/0.7.1/jars/simple-build-tool.jar
	Sbt Repository: resource not reachable for sbt#simple-build-tool;0.7.1: res=http://simple-build-tool.googlecode.com/svn/artifacts/0.7.1/jars/simple-build-tool.jar
	Sbt Repository: no ivy file nor artifact found for sbt#simple-build-tool;0.7.1
WARN: 	module not found: sbt#simple-build-tool;0.7.1
WARN: ==== local: tried
WARN:   /home/bwmcadams/.ivy2/local/sbt/simple-build-tool/0.7.1/ivys/ivy.xml
WARN:   -- artifact sbt#simple-build-tool;0.7.1!simple-build-tool.jar:
WARN:   /home/bwmcadams/.ivy2/local/sbt/simple-build-tool/0.7.1/jars/simple-build-tool.jar
WARN: ==== Maven2 Local: tried
WARN:   file:///home/bwmcadams/.m2/repository/sbt/simple-build-tool/0.7.1/simple-build-tool-0.7.1.pom
WARN:   -- artifact sbt#simple-build-tool;0.7.1!simple-build-tool.jar:
WARN:   file:///home/bwmcadams/.m2/repository/sbt/simple-build-tool/0.7.1/simple-build-tool-0.7.1.jar
WARN: ==== Maven Central: tried
WARN:   http://repo1.maven.org/maven2/sbt/simple-build-tool/0.7.1/simple-build-tool-0.7.1.pom
WARN:   -- artifact sbt#simple-build-tool;0.7.1!simple-build-tool.jar:
WARN:   http://repo1.maven.org/maven2/sbt/simple-build-tool/0.7.1/simple-build-tool-0.7.1.jar
WARN: ==== Sbt Repository: tried
WARN:   http://simple-build-tool.googlecode.com/svn/artifacts/0.7.1/ivys/ivy.xml
WARN:   -- artifact sbt#simple-build-tool;0.7.1!simple-build-tool.jar:
WARN:   http://simple-build-tool.googlecode.com/svn/artifacts/0.7.1/jars/simple-build-tool.jar
Nbr of module to sort : 0
	resolved ivy file produced in /home/bwmcadams/.ivy2/cache/resolved-sbt-boot-1.0.xml
:: downloading artifacts ::
:: resolution report :: resolve 1061ms :: artifacts dl 0ms
WARN: 	::::::::::::::::::::::::::::::::::::::::::::::
WARN: 	::          UNRESOLVED DEPENDENCIES         ::
WARN: 	::::::::::::::::::::::::::::::::::::::::::::::
WARN: 	:: sbt#simple-build-tool;0.7.1: not found
WARN: 	::::::::::::::::::::::::::::::::::::::::::::::

Nbr of module to sort : 0
	report for sbt#boot;1.0 default produced in /home/bwmcadams/.ivy2/cache/sbt-boot-default.xml
	resolve done (1061ms resolve - 0ms download)

:: problems summary ::
:::: WARNINGS
		module not found: sbt#simple-build-tool;0.7.1

	==== local: tried

	  /home/bwmcadams/.ivy2/local/sbt/simple-build-tool/0.7.1/ivys/ivy.xml

	  -- artifact sbt#simple-build-tool;0.7.1!simple-build-tool.jar:

	  /home/bwmcadams/.ivy2/local/sbt/simple-build-tool/0.7.1/jars/simple-build-tool.jar

	==== Maven2 Local: tried

	  file:///home/bwmcadams/.m2/repository/sbt/simple-build-tool/0.7.1/simple-build-tool-0.7.1.pom

	  -- artifact sbt#simple-build-tool;0.7.1!simple-build-tool.jar:

	  file:///home/bwmcadams/.m2/repository/sbt/simple-build-tool/0.7.1/simple-build-tool-0.7.1.jar

	==== Maven Central: tried

	  http://repo1.maven.org/maven2/sbt/simple-build-tool/0.7.1/simple-build-tool-0.7.1.pom

	  -- artifact sbt#simple-build-tool;0.7.1!simple-build-tool.jar:

	  http://repo1.maven.org/maven2/sbt/simple-build-tool/0.7.1/simple-build-tool-0.7.1.jar

	==== Sbt Repository: tried

	  http://simple-build-tool.googlecode.com/svn/artifacts/0.7.1/ivys/ivy.xml

	  -- artifact sbt#simple-build-tool;0.7.1!simple-build-tool.jar:

	  http://simple-build-tool.googlecode.com/svn/artifacts/0.7.1/jars/simple-build-tool.jar

		::::::::::::::::::::::::::::::::::::::::::::::

		::          UNRESOLVED DEPENDENCIES         ::

		::::::::::::::::::::::::::::::::::::::::::::::

		:: sbt#simple-build-tool;0.7.1: not found

		::::::::::::::::::::::::::::::::::::::::::::::



:: USE VERBOSE OR DEBUG MESSAGE LEVEL FOR MORE DETAILS
java.lang.RuntimeException: not found
	at org.apache.ivy.core.resolve.IvyNode.loadData(IvyNode.java:236)
	at org.apache.ivy.core.resolve.VisitNode.loadData(VisitNode.java:271)
	at org.apache.ivy.core.resolve.ResolveEngine.fetchDependencies(ResolveEngine.java:671)
	at org.apache.ivy.core.resolve.ResolveEngine.doFetchDependencies(ResolveEngine.java:757)
	at org.apache.ivy.core.resolve.ResolveEngine.fetchDependencies(ResolveEngine.java:679)
	at org.apache.ivy.core.resolve.ResolveEngine.getDependencies(ResolveEngine.java:551)
	at org.apache.ivy.core.resolve.ResolveEngine.resolve(ResolveEngine.java:235)
	at sbt.boot.Update.resolve(Update.scala:136)
	at sbt.boot.Update.update(Update.scala:118)
	at sbt.boot.Update.update(Update.scala:97)
	at sbt.boot.Update.sbt$boot$Update$$update(Update.scala:71)
	at sbt.boot.Update$$anonfun$sbt$boot$Update$$update$1.apply(Update.scala:55)
	at sbt.boot.Update$$anonfun$sbt$boot$Update$$update$1.apply(Update.scala:55)
	at scala.List.foreach(List.scala:834)
	at sbt.boot.Update.sbt$boot$Update$$update(Update.scala:55)
	at sbt.boot.Update$.apply(Update.scala:37)
	at sbt.boot.Setup.getLoader(Boot.scala:248)
	at sbt.boot.Setup.loader(Boot.scala:216)
	at sbt.boot.Setup.loader(Boot.scala:202)
	at sbt.boot.Boot$.load(Boot.scala:80)
	at sbt.boot.Boot$.doLoad$1(Boot.scala:61)
	at sbt.boot.Boot$.runBatch(Boot.scala:64)
	at sbt.boot.Boot$.boot(Boot.scala:57)
	at sbt.boot.Boot$.main(Boot.scala:33)
	at sbt.boot.Boot.main(Boot.scala)
Error retrieving required libraries
	at sbt.boot.Update.resolve(Update.scala:141)
	at sbt.boot.Update.update(Update.scala:118)
	at sbt.boot.Update.update(Update.scala:97)
	at sbt.boot.Update.sbt$boot$Update$$update(Update.scala:71)
	at sbt.boot.Update$$anonfun$sbt$boot$Update$$update$1.apply(Update.scala:55)
	at sbt.boot.Update$$anonfun$sbt$boot$Update$$update$1.apply(Update.scala:55)
	at scala.List.foreach(List.scala:834)
	at sbt.boot.Update.sbt$boot$Update$$update(Update.scala:55)
	at sbt.boot.Update$.apply(Update.scala:37)
	at sbt.boot.Setup.getLoader(Boot.scala:248)
	at sbt.boot.Setup.loader(Boot.scala:216)
	at sbt.boot.Setup.loader(Boot.scala:202)
	at sbt.boot.Boot$.load(Boot.scala:80)
	at sbt.boot.Boot$.doLoad$1(Boot.scala:61)
	at sbt.boot.Boot$.runBatch(Boot.scala:64)
	at sbt.boot.Boot$.boot(Boot.scala:57)
	at sbt.boot.Boot$.main(Boot.scala:33)
	at sbt.boot.Boot.main(Boot.scala)
Error retrieving required libraries
